<?xml version="1.0" encoding="UTF-8"?>
<testng-results skipped="0" failed="0" total="1" passed="1">
  <reporter-output>
  </reporter-output>
  <suite name="Default suite" duration-ms="22010" started-at="2019-06-08T16:15:37Z" finished-at="2019-06-08T16:15:59Z">
    <groups>
    </groups>
    <test name="Default test" duration-ms="22010" started-at="2019-06-08T16:15:37Z" finished-at="2019-06-08T16:15:59Z">
      <class name="WorkingWithCssSelector.VerifyLoginbyCss">
        <test-method status="PASS" signature="open()[pri:0, instance:WorkingWithCssSelector.VerifyLoginbyCss@3834d63f]" name="open" is-config="true" duration-ms="17671" started-at="2019-06-08T21:45:37Z" finished-at="2019-06-08T21:45:55Z">
          <reporter-output>
          </reporter-output>
        </test-method> <!-- open -->
        <test-method status="PASS" signature="data()[pri:0, instance:WorkingWithCssSelector.VerifyLoginbyCss@3834d63f]" name="data" duration-ms="4303" started-at="2019-06-08T21:45:55Z" finished-at="2019-06-08T21:45:59Z">
          <reporter-output>
          </reporter-output>
        </test-method> <!-- data -->
      </class> <!-- WorkingWithCssSelector.VerifyLoginbyCss -->
    </test> <!-- Default test -->
  </suite> <!-- Default suite -->
</testng-results>
